# JRE version: Java(TM) SE Runtime Environment Oracle GraalVM 21.0.5+9.1 (21.0.5+9) (build 21.0.5+9-LTS-jvmci-23.1-b48)
# Java VM: Java HotSpot(TM) 64-Bit Server VM Oracle GraalVM 21.0.5+9.1 (21.0.5+9-LTS-jvmci-23.1-b48, mixed mode, sharing, tiered, jvmci, jvmci compiler, compressed oops, compressed class ptrs, g1 gc, windows-amd64)
GC Precious Log:
 CardTable entry size: 512
 Card Set container configuration: InlinePtr #cards 5 size 8 Array Of Cards #cards 12 size 40 Howl #buckets 4 coarsen threshold 1843 Howl Bitmap #cards 512 size 80 coarsen threshold 460 Card regions per heap region 1 cards per card region 2048
 CPUs: 8 total, 8 available
 Memory: 8022M
 Large Page Support: Disabled
 NUMA Support: Disabled
 Compressed Oops: Enabled (32-bit)
 Heap Region Size: 1M
 Heap Min Capacity: 8M
 Heap Initial Capacity: 126M
 Heap Max Capacity: 2006M
 Pre-touch: Disabled
 Parallel Workers: 8
 Concurrent Workers: 2
 Concurrent Refinement Workers: 8
 Periodic GC: Disabled
Heap:
 garbage-first heap   total 66560K, used 37858K [0x0000000082a00000, 0x0000000100000000)
  region size 1024K, 10 young (10240K), 3 survivors (3072K)
 Metaspace       used 68363K, committed 69120K, reserved 1114112K
  class space    used 8418K, committed 8768K, reserved 1048576K
GC Heap History (20 events):
Event: 7.817 GC heap before
{Heap before GC invocations=4 (full 0):
 garbage-first heap   total 55296K, used 40825K [0x0000000082a00000, 0x0000000100000000)
  region size 1024K, 32 young (32768K), 5 survivors (5120K)
 Metaspace       used 25243K, committed 25600K, reserved 1114112K
  class space    used 2940K, committed 3136K, reserved 1048576K
}
Event: 7.827 GC heap after
{Heap after GC invocations=5 (full 0):
 garbage-first heap   total 55296K, used 15233K [0x0000000082a00000, 0x0000000100000000)
  region size 1024K, 3 young (3072K), 3 survivors (3072K)
 Metaspace       used 25243K, committed 25600K, reserved 1114112K
  class space    used 2940K, committed 3136K, reserved 1048576K
}
Event: 8.612 GC heap before
{Heap before GC invocations=5 (full 0):
 garbage-first heap   total 55296K, used 38785K [0x0000000082a00000, 0x0000000100000000)
  region size 1024K, 27 young (27648K), 3 survivors (3072K)
 Metaspace       used 29932K, committed 30400K, reserved 1114112K
  class space    used 3620K, committed 3840K, reserved 1048576K
}
Event: 8.620 GC heap after
{Heap after GC invocations=6 (full 0):
 garbage-first heap   total 55296K, used 16693K [0x0000000082a00000, 0x0000000100000000)
  region size 1024K, 4 young (4096K), 4 survivors (4096K)
 Metaspace       used 29932K, committed 30400K, reserved 1114112K
  class space    used 3620K, committed 3840K, reserved 1048576K
}
Event: 9.394 GC heap before
{Heap before GC invocations=6 (full 0):
 garbage-first heap   total 55296K, used 41269K [0x0000000082a00000, 0x0000000100000000)
  region size 1024K, 29 young (29696K), 4 survivors (4096K)
 Metaspace       used 35680K, committed 36160K, reserved 1114112K
  class space    used 4324K, committed 4544K, reserved 1048576K
}
Event: 9.406 GC heap after
{Heap after GC invocations=7 (full 0):
 garbage-first heap   total 55296K, used 18847K [0x0000000082a00000, 0x0000000100000000)
  region size 1024K, 4 young (4096K), 4 survivors (4096K)
 Metaspace       used 35680K, committed 36160K, reserved 1114112K
  class space    used 4324K, committed 4544K, reserved 1048576K
}
Event: 10.090 GC heap before
{Heap before GC invocations=8 (full 0):
 garbage-first heap   total 55296K, used 43423K [0x0000000082a00000, 0x0000000100000000)
  region size 1024K, 29 young (29696K), 4 survivors (4096K)
 Metaspace       used 42618K, committed 43200K, reserved 1114112K
  class space    used 5225K, committed 5504K, reserved 1048576K
}
Event: 10.103 GC heap after
{Heap after GC invocations=9 (full 0):
 garbage-first heap   total 55296K, used 22145K [0x0000000082a00000, 0x0000000100000000)
  region size 1024K, 3 young (3072K), 3 survivors (3072K)
 Metaspace       used 42618K, committed 43200K, reserved 1114112K
  class space    used 5225K, committed 5504K, reserved 1048576K
}
Event: 11.094 GC heap before
{Heap before GC invocations=9 (full 0):
 garbage-first heap   total 55296K, used 44673K [0x0000000082a00000, 0x0000000100000000)
  region size 1024K, 26 young (26624K), 3 survivors (3072K)
 Metaspace       used 48817K, committed 49472K, reserved 1114112K
  class space    used 6030K, committed 6336K, reserved 1048576K
}
Event: 11.103 GC heap after
{Heap after GC invocations=10 (full 0):
 garbage-first heap   total 55296K, used 23826K [0x0000000082a00000, 0x0000000100000000)
  region size 1024K, 3 young (3072K), 3 survivors (3072K)
 Metaspace       used 48817K, committed 49472K, reserved 1114112K
  class space    used 6030K, committed 6336K, reserved 1048576K
}
Event: 11.679 GC heap before
{Heap before GC invocations=10 (full 0):
 garbage-first heap   total 55296K, used 45330K [0x0000000082a00000, 0x0000000100000000)
  region size 1024K, 24 young (24576K), 3 survivors (3072K)
 Metaspace       used 53406K, committed 54080K, reserved 1114112K
  class space    used 6681K, committed 6976K, reserved 1048576K
}
Event: 11.684 GC heap after
{Heap after GC invocations=11 (full 0):
 garbage-first heap   total 55296K, used 26389K [0x0000000082a00000, 0x0000000100000000)
  region size 1024K, 3 young (3072K), 3 survivors (3072K)
 Metaspace       used 53406K, committed 54080K, reserved 1114112K
  class space    used 6681K, committed 6976K, reserved 1048576K
}
Event: 12.184 GC heap before
{Heap before GC invocations=11 (full 0):
 garbage-first heap   total 55296K, used 45845K [0x0000000082a00000, 0x0000000100000000)
  region size 1024K, 22 young (22528K), 3 survivors (3072K)
 Metaspace       used 57186K, committed 57792K, reserved 1114112K
  class space    used 7165K, committed 7424K, reserved 1048576K
}
Event: 12.187 GC heap after
{Heap after GC invocations=12 (full 0):
 garbage-first heap   total 55296K, used 28096K [0x0000000082a00000, 0x0000000100000000)
  region size 1024K, 2 young (2048K), 2 survivors (2048K)
 Metaspace       used 57186K, committed 57792K, reserved 1114112K
  class space    used 7165K, committed 7424K, reserved 1048576K
}
Event: 12.606 GC heap before
{Heap before GC invocations=12 (full 0):
 garbage-first heap   total 55296K, used 47552K [0x0000000082a00000, 0x0000000100000000)
  region size 1024K, 21 young (21504K), 2 survivors (2048K)
 Metaspace       used 59578K, committed 60224K, reserved 1114112K
  class space    used 7525K, committed 7808K, reserved 1048576K
}
Event: 12.610 GC heap after
{Heap after GC invocations=13 (full 0):
 garbage-first heap   total 55296K, used 29959K [0x0000000082a00000, 0x0000000100000000)
  region size 1024K, 3 young (3072K), 3 survivors (3072K)
 Metaspace       used 59578K, committed 60224K, reserved 1114112K
  class space    used 7525K, committed 7808K, reserved 1048576K
}
Event: 12.947 GC heap before
{Heap before GC invocations=14 (full 0):
 garbage-first heap   total 55296K, used 46343K [0x0000000082a00000, 0x0000000100000000)
  region size 1024K, 20 young (20480K), 3 survivors (3072K)
 Metaspace       used 61871K, committed 62592K, reserved 1114112K
  class space    used 7833K, committed 8128K, reserved 1048576K
}
Event: 12.951 GC heap after
{Heap after GC invocations=15 (full 0):
 garbage-first heap   total 55296K, used 31625K [0x0000000082a00000, 0x0000000100000000)
  region size 1024K, 2 young (2048K), 2 survivors (2048K)
 Metaspace       used 61871K, committed 62592K, reserved 1114112K
  class space    used 7833K, committed 8128K, reserved 1048576K
}
Event: 13.421 GC heap before
{Heap before GC invocations=15 (full 0):
 garbage-first heap   total 55296K, used 46985K [0x0000000082a00000, 0x0000000100000000)
  region size 1024K, 18 young (18432K), 2 survivors (2048K)
 Metaspace       used 66364K, committed 67136K, reserved 1114112K
  class space    used 8294K, committed 8640K, reserved 1048576K
}
Event: 13.424 GC heap after
{Heap after GC invocations=16 (full 0):
 garbage-first heap   total 66560K, used 32738K [0x0000000082a00000, 0x0000000100000000)
  region size 1024K, 3 young (3072K), 3 survivors (3072K)
 Metaspace       used 66364K, committed 67136K, reserved 1114112K
  class space    used 8294K, committed 8640K, reserved 1048576K
}

